Express server listening on port 25564
[90mGET / [32m200 [90m221ms - 1.66kb[0m
[90mGET /js/bootstrap.min.js [36m304 [90m2ms[0m
[90mGET /css/bootstrap-responsive.min.css [32m200 [90m485ms - 16.5kb[0m
[90mGET /css/style.min.css [32m200 [90m486ms - 799[0m
[90mGET /css/bootstrap.min.css [32m200 [90m507ms - 104.33kb[0m
[90mGET /img/mcbg.png [36m304 [90m1ms[0m
[90mGET /ico/favicon.png [33m404 [90m1ms[0m
[90mGET / [36m304 [90m3ms[0m
[90mGET /js/bootstrap.min.js [36m304 [90m2ms[0m
[90mGET /css/bootstrap.min.css [36m304 [90m4ms[0m
[90mGET /css/bootstrap-responsive.min.css [36m304 [90m4ms[0m
[90mGET /css/style.min.css [36m304 [90m3ms[0m
[90mGET /ico/favicon.png [33m404 [90m2ms[0m
[90mGET / [36m304 [90m2ms[0m
[90mGET /css/bootstrap.min.css [36m304 [90m4ms[0m
[90mGET /css/bootstrap-responsive.min.css [36m304 [90m4ms[0m
[90mGET /js/bootstrap.min.js [36m304 [90m1ms[0m
[90mGET /css/style.min.css [36m304 [90m3ms[0m
[90mGET /ico/favicon.png [33m404 [90m2ms[0m
[90mGET / [36m304 [90m4ms[0m
[90mGET /js/bootstrap.min.js [36m304 [90m2ms[0m
[90mGET /css/bootstrap.min.css [36m304 [90m4ms[0m
[90mGET /css/bootstrap-responsive.min.css [36m304 [90m4ms[0m
[90mGET /css/style.min.css [36m304 [90m3ms[0m
[90mGET /ico/favicon.png [33m404 [90m2ms[0m
[90mGET / [36m304 [90m4ms[0m
[90mGET /js/bootstrap.min.js [36m304 [90m2ms[0m
[90mGET /css/bootstrap.min.css [36m304 [90m6ms[0m
[90mGET /css/bootstrap-responsive.min.css [36m304 [90m5ms[0m
[90mGET /css/style.min.css [36m304 [90m4ms[0m
[90mGET /ico/favicon.png [33m404 [90m1ms[0m
[90mGET / [36m304 [90m5ms[0m
[90mGET /js/bootstrap.min.js [36m304 [90m3ms[0m
[90mGET /css/bootstrap.min.css [36m304 [90m5ms[0m
[90mGET /css/bootstrap-responsive.min.css [36m304 [90m4ms[0m
[90mGET /css/style.min.css [36m304 [90m5ms[0m
[90mGET /ico/favicon.png [33m404 [90m1ms[0m
[90mGET / [36m304 [90m4ms[0m
[90mGET /js/bootstrap.min.js [36m304 [90m2ms[0m
[90mGET /css/bootstrap.min.css [36m304 [90m4ms[0m
[90mGET /css/style.min.css [36m304 [90m4ms[0m
[90mGET /css/bootstrap-responsive.min.css [36m304 [90m4ms[0m
[90mGET /ico/favicon.png [33m404 [90m0ms[0m
[90mGET / [36m304 [90m9ms[0m
[90mGET /js/bootstrap.min.js [36m304 [90m2ms[0m
[90mGET /css/bootstrap.min.css [36m304 [90m4ms[0m
[90mGET /css/bootstrap-responsive.min.css [36m304 [90m4ms[0m
[90mGET /css/style.min.css [36m304 [90m4ms[0m
[90mGET /ico/favicon.png [33m404 [90m1ms[0m
[90mGET / [36m304 [90m2ms[0m
[90mGET /js/bootstrap.min.js [36m304 [90m1ms[0m
[90mGET /css/bootstrap.min.css [36m304 [90m4ms[0m
[90mGET /css/bootstrap-responsive.min.css [36m304 [90m4ms[0m
[90mGET /css/style.min.css [36m304 [90m4ms[0m
[90mGET /ico/favicon.png [33m404 [90m1ms[0m
[90mGET / [36m304 [90m2ms[0m
[90mGET /css/bootstrap.min.css [36m304 [90m3ms[0m
[90mGET /js/bootstrap.min.js [36m304 [90m2ms[0m
[90mGET /css/bootstrap-responsive.min.css [36m304 [90m4ms[0m
[90mGET /css/style.min.css [36m304 [90m2ms[0m
[90mGET /ico/favicon.png [33m404 [90m0ms[0m
[90mGET / [36m304 [90m2ms[0m
[90mGET /js/bootstrap.min.js [36m304 [90m1ms[0m
[90mGET /css/bootstrap.min.css [36m304 [90m4ms[0m
[90mGET /css/style.min.css [36m304 [90m2ms[0m
[90mGET /css/bootstrap-responsive.min.css [36m304 [90m2ms[0m
[90mGET /ico/favicon.png [33m404 [90m1ms[0m
[90mGET / [36m304 [90m2ms[0m
[90mGET /css/bootstrap.min.css [36m304 [90m4ms[0m
[90mGET /js/bootstrap.min.js [36m304 [90m2ms[0m
[90mGET /css/bootstrap-responsive.min.css [36m304 [90m4ms[0m
[90mGET /css/style.min.css [36m304 [90m4ms[0m
[90mGET /ico/favicon.png [33m404 [90m1ms[0m
[90mGET / [36m304 [90m5ms[0m
[90mGET /js/bootstrap.min.js [36m304 [90m1ms[0m
[90mGET /css/bootstrap.min.css [36m304 [90m4ms[0m
[90mGET /css/bootstrap-responsive.min.css [36m304 [90m2ms[0m
[90mGET /css/style.min.css [36m304 [90m2ms[0m
[90mGET /ico/favicon.png [33m404 [90m1ms[0m
[90mGET / [36m304 [90m2ms[0m
[90mGET /css/bootstrap.min.css [36m304 [90m3ms[0m
[90mGET /js/bootstrap.min.js [36m304 [90m1ms[0m
[90mGET /css/style.min.css [36m304 [90m3ms[0m
[90mGET /css/bootstrap-responsive.min.css [36m304 [90m3ms[0m
[90mGET /ico/favicon.png [33m404 [90m0ms[0m
[90mGET / [36m304 [90m2ms[0m
[90mGET /css/bootstrap.min.css [36m304 [90m3ms[0m
[90mGET /js/bootstrap.min.js [36m304 [90m1ms[0m
[90mGET /css/bootstrap-responsive.min.css [36m304 [90m3ms[0m
[90mGET /css/style.min.css [36m304 [90m3ms[0m
[90mGET /ico/favicon.png [33m404 [90m0ms[0m
[90mGET / [36m304 [90m2ms[0m
[90mGET /js/bootstrap.min.js [36m304 [90m1ms[0m
[90mGET /css/bootstrap.min.css [36m304 [90m4ms[0m
[90mGET /css/style.min.css [36m304 [90m2ms[0m
[90mGET /css/bootstrap-responsive.min.css [36m304 [90m2ms[0m
[90mGET /ico/favicon.png [33m404 [90m0ms[0m
[90mGET / [36m304 [90m2ms[0m
[90mGET /js/bootstrap.min.js [36m304 [90m1ms[0m
[90mGET /css/bootstrap.min.css [36m304 [90m3ms[0m
[90mGET /css/bootstrap-responsive.min.css [36m304 [90m3ms[0m
[90mGET /css/style.min.css [36m304 [90m2ms[0m
[90mGET /ico/favicon.png [33m404 [90m1ms[0m
[90mGET / [36m304 [90m3ms[0m
[90mGET /js/bootstrap.min.js [36m304 [90m2ms[0m
[90mGET /css/bootstrap.min.css [36m304 [90m3ms[0m
[90mGET /css/style.min.css [36m304 [90m4ms[0m
[90mGET /css/bootstrap-responsive.min.css [36m304 [90m3ms[0m
[90mGET /ico/favicon.png [33m404 [90m1ms[0m
[90mGET / [36m304 [90m2ms[0m
[90mGET /js/bootstrap.min.js [36m304 [90m2ms[0m
[90mGET /css/bootstrap.min.css [36m304 [90m4ms[0m
[90mGET /css/bootstrap-responsive.min.css [36m304 [90m3ms[0m
[90mGET /css/style.min.css [36m304 [90m3ms[0m
[90mGET /ico/favicon.png [33m404 [90m1ms[0m
[90mGET / [36m304 [90m2ms[0m
[90mGET /js/bootstrap.min.js [36m304 [90m1ms[0m
[90mGET /css/bootstrap-responsive.min.css [36m304 [90m3ms[0m
[90mGET /css/style.min.css [36m304 [90m3ms[0m
[90mGET /css/bootstrap.min.css [36m304 [90m3ms[0m
[90mGET /ico/favicon.png [33m404 [90m1ms[0m
[90mGET / [36m304 [90m2ms[0m
[90mGET /js/bootstrap.min.js [36m304 [90m1ms[0m
[90mGET /css/bootstrap.min.css [36m304 [90m3ms[0m
[90mGET /css/bootstrap-responsive.min.css [36m304 [90m2ms[0m
[90mGET /css/style.min.css [36m304 [90m3ms[0m
[90mGET /ico/favicon.png [33m404 [90m1ms[0m
[90mGET / [36m304 [90m2ms[0m
[90mGET /js/bootstrap.min.js [36m304 [90m2ms[0m
[90mGET /css/bootstrap.min.css [36m304 [90m5ms[0m
[90mGET /css/bootstrap-responsive.min.css [36m304 [90m4ms[0m
[90mGET /css/style.min.css [36m304 [90m4ms[0m
[90mGET /ico/favicon.png [33m404 [90m3ms[0m
[90mGET / [36m304 [90m2ms[0m
[90mGET /css/bootstrap-responsive.min.css [36m304 [90m3ms[0m
[90mGET /css/bootstrap.min.css [36m304 [90m3ms[0m
[90mGET /js/bootstrap.min.js [36m304 [90m1ms[0m
[90mGET /css/style.min.css [36m304 [90m3ms[0m
[90mGET /ico/favicon.png [33m404 [90m0ms[0m
